[2026-03-13T20:48:24.124+0000] {local_task_job_runner.py:120} INFO - ::group::Pre task execution logs
[2026-03-13T20:48:24.148+0000] {taskinstance.py:2076} INFO - Dependencies all met for dep_context=non-requeueable deps ti=<TaskInstance: vnpt_money_data_pipeline.load_neo4j manual__2026-03-13T20:37:12+00:00 [queued]>
[2026-03-13T20:48:24.155+0000] {taskinstance.py:2076} INFO - Dependencies all met for dep_context=requeueable deps ti=<TaskInstance: vnpt_money_data_pipeline.load_neo4j manual__2026-03-13T20:37:12+00:00 [queued]>
[2026-03-13T20:48:24.155+0000] {taskinstance.py:2306} INFO - Starting attempt 1 of 3
[2026-03-13T20:48:24.169+0000] {taskinstance.py:2330} INFO - Executing <Task(PythonOperator): load_neo4j> on 2026-03-13 20:37:12+00:00
[2026-03-13T20:48:24.173+0000] {standard_task_runner.py:63} INFO - Started process 79 to run task
[2026-03-13T20:48:24.176+0000] {standard_task_runner.py:90} INFO - Running: ['***', 'tasks', 'run', 'vnpt_money_data_pipeline', 'load_neo4j', 'manual__2026-03-13T20:37:12+00:00', '--job-id', '14', '--raw', '--subdir', 'DAGS_FOLDER/vnpt_pipeline_dag.py', '--cfg-path', '/tmp/tmp_4h8l6hc']
[2026-03-13T20:48:24.177+0000] {standard_task_runner.py:91} INFO - Job 14: Subtask load_neo4j
[2026-03-13T20:48:24.245+0000] {task_command.py:426} INFO - Running <TaskInstance: vnpt_money_data_pipeline.load_neo4j manual__2026-03-13T20:37:12+00:00 [running]> on host 7f5837b08817
[2026-03-13T20:48:24.386+0000] {taskinstance.py:2648} INFO - Exporting env vars: AIRFLOW_CTX_DAG_OWNER='data-engineering' AIRFLOW_CTX_DAG_ID='vnpt_money_data_pipeline' AIRFLOW_CTX_TASK_ID='load_neo4j' AIRFLOW_CTX_EXECUTION_DATE='2026-03-13T20:37:12+00:00' AIRFLOW_CTX_TRY_NUMBER='1' AIRFLOW_CTX_DAG_RUN_ID='manual__2026-03-13T20:37:12+00:00'
[2026-03-13T20:48:24.388+0000] {taskinstance.py:430} INFO - ::endgroup::
[2026-03-13T20:48:25.127+0000] {minio_client.py:80} INFO - MinIO connected – bucket: vnpt-datalake
[2026-03-13T20:48:25.155+0000] {result.py:343} INFO - Received notification from DBMS server: <GqlStatusObject gql_status='03N42', status_description='`CONSTRAINT group_id FOR (e:Group) REQUIRE (e.id) IS UNIQUE` already exists.', position=None, raw_classification='SCHEMA', classification=<NotificationClassification.SCHEMA: 'SCHEMA'>, raw_severity='INFORMATION', severity=<NotificationSeverity.INFORMATION: 'INFORMATION'>, diagnostic_record={'OPERATION': '', 'OPERATION_CODE': '0', 'CURRENT_SCHEMA': '/', '_classification': 'SCHEMA', '_severity': 'INFORMATION'}> for query: 'CREATE CONSTRAINT group_id   IF NOT EXISTS FOR (n:Group)   REQUIRE n.id IS UNIQUE'
[2026-03-13T20:48:25.158+0000] {result.py:343} INFO - Received notification from DBMS server: <GqlStatusObject gql_status='03N42', status_description='`CONSTRAINT topic_id FOR (e:Topic) REQUIRE (e.id) IS UNIQUE` already exists.', position=None, raw_classification='SCHEMA', classification=<NotificationClassification.SCHEMA: 'SCHEMA'>, raw_severity='INFORMATION', severity=<NotificationSeverity.INFORMATION: 'INFORMATION'>, diagnostic_record={'OPERATION': '', 'OPERATION_CODE': '0', 'CURRENT_SCHEMA': '/', '_classification': 'SCHEMA', '_severity': 'INFORMATION'}> for query: 'CREATE CONSTRAINT topic_id   IF NOT EXISTS FOR (n:Topic)   REQUIRE n.id IS UNIQUE'
[2026-03-13T20:48:25.162+0000] {result.py:343} INFO - Received notification from DBMS server: <GqlStatusObject gql_status='03N42', status_description='`CONSTRAINT problem_id FOR (e:Problem) REQUIRE (e.id) IS UNIQUE` already exists.', position=None, raw_classification='SCHEMA', classification=<NotificationClassification.SCHEMA: 'SCHEMA'>, raw_severity='INFORMATION', severity=<NotificationSeverity.INFORMATION: 'INFORMATION'>, diagnostic_record={'OPERATION': '', 'OPERATION_CODE': '0', 'CURRENT_SCHEMA': '/', '_classification': 'SCHEMA', '_severity': 'INFORMATION'}> for query: 'CREATE CONSTRAINT problem_id IF NOT EXISTS FOR (n:Problem) REQUIRE n.id IS UNIQUE'
[2026-03-13T20:48:25.165+0000] {result.py:343} INFO - Received notification from DBMS server: <GqlStatusObject gql_status='03N42', status_description='`CONSTRAINT answer_id FOR (e:Answer) REQUIRE (e.id) IS UNIQUE` already exists.', position=None, raw_classification='SCHEMA', classification=<NotificationClassification.SCHEMA: 'SCHEMA'>, raw_severity='INFORMATION', severity=<NotificationSeverity.INFORMATION: 'INFORMATION'>, diagnostic_record={'OPERATION': '', 'OPERATION_CODE': '0', 'CURRENT_SCHEMA': '/', '_classification': 'SCHEMA', '_severity': 'INFORMATION'}> for query: 'CREATE CONSTRAINT answer_id  IF NOT EXISTS FOR (n:Answer)  REQUIRE n.id IS UNIQUE'
[2026-03-13T20:48:25.167+0000] {result.py:343} INFO - Received notification from DBMS server: <GqlStatusObject gql_status='03N42', status_description='`RANGE INDEX problem_status FOR (e:Problem) ON (e.status)` already exists.', position=None, raw_classification='SCHEMA', classification=<NotificationClassification.SCHEMA: 'SCHEMA'>, raw_severity='INFORMATION', severity=<NotificationSeverity.INFORMATION: 'INFORMATION'>, diagnostic_record={'OPERATION': '', 'OPERATION_CODE': '0', 'CURRENT_SCHEMA': '/', '_classification': 'SCHEMA', '_severity': 'INFORMATION'}> for query: 'CREATE INDEX problem_status IF NOT EXISTS FOR (p:Problem) ON (p.status)'
[2026-03-13T20:48:25.170+0000] {result.py:343} INFO - Received notification from DBMS server: <GqlStatusObject gql_status='03N42', status_description='`RANGE INDEX problem_intent FOR (e:Problem) ON (e.intent)` already exists.', position=None, raw_classification='SCHEMA', classification=<NotificationClassification.SCHEMA: 'SCHEMA'>, raw_severity='INFORMATION', severity=<NotificationSeverity.INFORMATION: 'INFORMATION'>, diagnostic_record={'OPERATION': '', 'OPERATION_CODE': '0', 'CURRENT_SCHEMA': '/', '_classification': 'SCHEMA', '_severity': 'INFORMATION'}> for query: 'CREATE INDEX problem_intent IF NOT EXISTS FOR (p:Problem) ON (p.intent)'
[2026-03-13T20:48:25.172+0000] {result.py:343} INFO - Received notification from DBMS server: <GqlStatusObject gql_status='03N42', status_description='`FULLTEXT INDEX problem_text FOR (e:Problem) ON EACH [e.title, e.keywords]` already exists.', position=None, raw_classification='SCHEMA', classification=<NotificationClassification.SCHEMA: 'SCHEMA'>, raw_severity='INFORMATION', severity=<NotificationSeverity.INFORMATION: 'INFORMATION'>, diagnostic_record={'OPERATION': '', 'OPERATION_CODE': '0', 'CURRENT_SCHEMA': '/', '_classification': 'SCHEMA', '_severity': 'INFORMATION'}> for query: 'CREATE FULLTEXT INDEX problem_text IF NOT EXISTS FOR (p:Problem) ON EACH [p.title, p.keywords]'
[2026-03-13T20:48:25.175+0000] {result.py:343} INFO - Received notification from DBMS server: <GqlStatusObject gql_status='03N42', status_description='`FULLTEXT INDEX answer_text FOR (e:Answer) ON EACH [e.summary, e.content]` already exists.', position=None, raw_classification='SCHEMA', classification=<NotificationClassification.SCHEMA: 'SCHEMA'>, raw_severity='INFORMATION', severity=<NotificationSeverity.INFORMATION: 'INFORMATION'>, diagnostic_record={'OPERATION': '', 'OPERATION_CODE': '0', 'CURRENT_SCHEMA': '/', '_classification': 'SCHEMA', '_severity': 'INFORMATION'}> for query: 'CREATE FULLTEXT INDEX answer_text  IF NOT EXISTS FOR (a:Answer)  ON EACH [a.summary, a.content]'
[2026-03-13T20:48:25.175+0000] {neo4j_loader.py:84} INFO - Schema ready
[2026-03-13T20:48:25.570+0000] {neo4j_loader.py:109} INFO - Load complete: {'groups': 23, 'topics': 23, 'problems': 71, 'answers': 898, 'rel_has_topic': 23, 'rel_has_problem': 80, 'rel_has_answer': 934}
[2026-03-13T20:48:25.595+0000] {vnpt_pipeline_dag.py:140} INFO - Neo4j loaded: {'groups': 23, 'topics': 23, 'problems': 71, 'answers': 898, 'rel_has_topic': 23, 'rel_has_problem': 80, 'rel_has_answer': 934}
[2026-03-13T20:48:25.596+0000] {python.py:237} INFO - Done. Returned value was: None
[2026-03-13T20:48:25.597+0000] {taskinstance.py:441} INFO - ::group::Post task execution logs
[2026-03-13T20:48:25.611+0000] {taskinstance.py:1206} INFO - Marking task as SUCCESS. dag_id=vnpt_money_data_pipeline, task_id=load_neo4j, run_id=manual__2026-03-13T20:37:12+00:00, execution_date=20260313T203712, start_date=20260313T204824, end_date=20260313T204825
[2026-03-13T20:48:25.675+0000] {local_task_job_runner.py:240} INFO - Task exited with return code 0
[2026-03-13T20:48:25.737+0000] {taskinstance.py:3503} INFO - 1 downstream tasks scheduled from follow-on schedule check
[2026-03-13T20:48:25.740+0000] {local_task_job_runner.py:222} INFO - ::endgroup::
