[2026-03-13T23:48:41.557+0000] {local_task_job_runner.py:120} INFO - ::group::Pre task execution logs
[2026-03-13T23:48:41.587+0000] {taskinstance.py:2076} INFO - Dependencies all met for dep_context=non-requeueable deps ti=<TaskInstance: vnpt_money_data_pipeline.crawl manual__2026-03-13T23:48:36+00:00 [queued]>
[2026-03-13T23:48:41.595+0000] {taskinstance.py:2076} INFO - Dependencies all met for dep_context=requeueable deps ti=<TaskInstance: vnpt_money_data_pipeline.crawl manual__2026-03-13T23:48:36+00:00 [queued]>
[2026-03-13T23:48:41.596+0000] {taskinstance.py:2306} INFO - Starting attempt 1 of 3
[2026-03-13T23:48:41.611+0000] {taskinstance.py:2330} INFO - Executing <Task(PythonOperator): crawl> on 2026-03-13 23:48:36+00:00
[2026-03-13T23:48:41.617+0000] {standard_task_runner.py:63} INFO - Started process 95 to run task
[2026-03-13T23:48:41.621+0000] {standard_task_runner.py:90} INFO - Running: ['***', 'tasks', 'run', 'vnpt_money_data_pipeline', 'crawl', 'manual__2026-03-13T23:48:36+00:00', '--job-id', '20', '--raw', '--subdir', 'DAGS_FOLDER/vnpt_pipeline_dag.py', '--cfg-path', '/tmp/tmp5b7_aqb9']
[2026-03-13T23:48:41.622+0000] {standard_task_runner.py:91} INFO - Job 20: Subtask crawl
[2026-03-13T23:48:41.711+0000] {task_command.py:426} INFO - Running <TaskInstance: vnpt_money_data_pipeline.crawl manual__2026-03-13T23:48:36+00:00 [running]> on host 7f5837b08817
[2026-03-13T23:48:41.858+0000] {taskinstance.py:2648} INFO - Exporting env vars: AIRFLOW_CTX_DAG_OWNER='data-engineering' AIRFLOW_CTX_DAG_ID='vnpt_money_data_pipeline' AIRFLOW_CTX_TASK_ID='crawl' AIRFLOW_CTX_EXECUTION_DATE='2026-03-13T23:48:36+00:00' AIRFLOW_CTX_TRY_NUMBER='1' AIRFLOW_CTX_DAG_RUN_ID='manual__2026-03-13T23:48:36+00:00'
[2026-03-13T23:48:41.859+0000] {taskinstance.py:430} INFO - ::endgroup::
[2026-03-13T23:48:42.114+0000] {vnpt_scraper.py:173} INFO - Starting crawl: https://vnptpay.vn/web/trogiup
[2026-03-13T23:48:42.272+0000] {vnpt_scraper.py:221} INFO - requests: HTTP 200 (345.8 KB)
[2026-03-13T23:48:44.141+0000] {vnpt_scraper.py:191} INFO - Crawl complete – 24 groups, 23 topics, 80 problems, 80 answers
[2026-03-13T23:48:44.146+0000] {minio_client.py:80} INFO - MinIO connected – bucket: vnpt-datalake
[2026-03-13T23:48:44.160+0000] {minio_client.py:153} INFO - Uploaded s3://vnpt-datalake/raw/2026/03/13/23/run_20260313_234840_b6c403/page.html (436856 bytes)
[2026-03-13T23:48:44.198+0000] {minio_client.py:153} INFO - Uploaded s3://vnpt-datalake/raw/2026/03/13/23/run_20260313_234840_b6c403/raw_data.json (1584985 bytes)
[2026-03-13T23:48:44.217+0000] {vnpt_pipeline_dag.py:81} INFO - Raw saved: raw/2026/03/13/23/run_20260313_234840_b6c403/raw_data.json
[2026-03-13T23:48:44.234+0000] {python.py:237} INFO - Done. Returned value was: None
[2026-03-13T23:48:44.235+0000] {taskinstance.py:441} INFO - ::group::Post task execution logs
[2026-03-13T23:48:44.250+0000] {taskinstance.py:1206} INFO - Marking task as SUCCESS. dag_id=vnpt_money_data_pipeline, task_id=crawl, run_id=manual__2026-03-13T23:48:36+00:00, execution_date=20260313T234836, start_date=20260313T234841, end_date=20260313T234844
[2026-03-13T23:48:44.301+0000] {local_task_job_runner.py:240} INFO - Task exited with return code 0
[2026-03-13T23:48:44.332+0000] {taskinstance.py:3503} INFO - 1 downstream tasks scheduled from follow-on schedule check
[2026-03-13T23:48:44.334+0000] {local_task_job_runner.py:222} INFO - ::endgroup::
