[2026-03-13T20:38:04.449+0000] {local_task_job_runner.py:120} INFO - ::group::Pre task execution logs
[2026-03-13T20:38:04.482+0000] {taskinstance.py:2076} INFO - Dependencies all met for dep_context=non-requeueable deps ti=<TaskInstance: vnpt_money_data_pipeline.load_neo4j scheduled__2026-03-02T02:00:00+00:00 [queued]>
[2026-03-13T20:38:04.490+0000] {taskinstance.py:2076} INFO - Dependencies all met for dep_context=requeueable deps ti=<TaskInstance: vnpt_money_data_pipeline.load_neo4j scheduled__2026-03-02T02:00:00+00:00 [queued]>
[2026-03-13T20:38:04.490+0000] {taskinstance.py:2306} INFO - Starting attempt 1 of 3
[2026-03-13T20:38:04.506+0000] {taskinstance.py:2330} INFO - Executing <Task(PythonOperator): load_neo4j> on 2026-03-02 02:00:00+00:00
[2026-03-13T20:38:04.510+0000] {standard_task_runner.py:63} INFO - Started process 59 to run task
[2026-03-13T20:38:04.513+0000] {standard_task_runner.py:90} INFO - Running: ['***', 'tasks', 'run', 'vnpt_money_data_pipeline', 'load_neo4j', 'scheduled__2026-03-02T02:00:00+00:00', '--job-id', '6', '--raw', '--subdir', 'DAGS_FOLDER/vnpt_pipeline_dag.py', '--cfg-path', '/tmp/tmp43qz7hdc']
[2026-03-13T20:38:04.515+0000] {standard_task_runner.py:91} INFO - Job 6: Subtask load_neo4j
[2026-03-13T20:38:04.588+0000] {task_command.py:426} INFO - Running <TaskInstance: vnpt_money_data_pipeline.load_neo4j scheduled__2026-03-02T02:00:00+00:00 [running]> on host 7f5837b08817
[2026-03-13T20:38:04.696+0000] {taskinstance.py:2648} INFO - Exporting env vars: AIRFLOW_CTX_DAG_OWNER='data-engineering' AIRFLOW_CTX_DAG_ID='vnpt_money_data_pipeline' AIRFLOW_CTX_TASK_ID='load_neo4j' AIRFLOW_CTX_EXECUTION_DATE='2026-03-02T02:00:00+00:00' AIRFLOW_CTX_TRY_NUMBER='1' AIRFLOW_CTX_DAG_RUN_ID='scheduled__2026-03-02T02:00:00+00:00'
[2026-03-13T20:38:04.697+0000] {taskinstance.py:430} INFO - ::endgroup::
[2026-03-13T20:38:06.429+0000] {minio_client.py:80} INFO - MinIO connected – bucket: vnpt-datalake
[2026-03-13T20:38:06.512+0000] {result.py:343} INFO - Received notification from DBMS server: <GqlStatusObject gql_status='03N42', status_description='`CONSTRAINT group_id FOR (e:Group) REQUIRE (e.id) IS UNIQUE` already exists.', position=None, raw_classification='SCHEMA', classification=<NotificationClassification.SCHEMA: 'SCHEMA'>, raw_severity='INFORMATION', severity=<NotificationSeverity.INFORMATION: 'INFORMATION'>, diagnostic_record={'OPERATION': '', 'OPERATION_CODE': '0', 'CURRENT_SCHEMA': '/', '_classification': 'SCHEMA', '_severity': 'INFORMATION'}> for query: 'CREATE CONSTRAINT group_id   IF NOT EXISTS FOR (n:Group)   REQUIRE n.id IS UNIQUE'
[2026-03-13T20:38:06.518+0000] {result.py:343} INFO - Received notification from DBMS server: <GqlStatusObject gql_status='03N42', status_description='`CONSTRAINT topic_id FOR (e:Topic) REQUIRE (e.id) IS UNIQUE` already exists.', position=None, raw_classification='SCHEMA', classification=<NotificationClassification.SCHEMA: 'SCHEMA'>, raw_severity='INFORMATION', severity=<NotificationSeverity.INFORMATION: 'INFORMATION'>, diagnostic_record={'OPERATION': '', 'OPERATION_CODE': '0', 'CURRENT_SCHEMA': '/', '_classification': 'SCHEMA', '_severity': 'INFORMATION'}> for query: 'CREATE CONSTRAINT topic_id   IF NOT EXISTS FOR (n:Topic)   REQUIRE n.id IS UNIQUE'
[2026-03-13T20:38:06.523+0000] {result.py:343} INFO - Received notification from DBMS server: <GqlStatusObject gql_status='03N42', status_description='`CONSTRAINT problem_id FOR (e:Problem) REQUIRE (e.id) IS UNIQUE` already exists.', position=None, raw_classification='SCHEMA', classification=<NotificationClassification.SCHEMA: 'SCHEMA'>, raw_severity='INFORMATION', severity=<NotificationSeverity.INFORMATION: 'INFORMATION'>, diagnostic_record={'OPERATION': '', 'OPERATION_CODE': '0', 'CURRENT_SCHEMA': '/', '_classification': 'SCHEMA', '_severity': 'INFORMATION'}> for query: 'CREATE CONSTRAINT problem_id IF NOT EXISTS FOR (n:Problem) REQUIRE n.id IS UNIQUE'
[2026-03-13T20:38:06.528+0000] {result.py:343} INFO - Received notification from DBMS server: <GqlStatusObject gql_status='03N42', status_description='`CONSTRAINT answer_id FOR (e:Answer) REQUIRE (e.id) IS UNIQUE` already exists.', position=None, raw_classification='SCHEMA', classification=<NotificationClassification.SCHEMA: 'SCHEMA'>, raw_severity='INFORMATION', severity=<NotificationSeverity.INFORMATION: 'INFORMATION'>, diagnostic_record={'OPERATION': '', 'OPERATION_CODE': '0', 'CURRENT_SCHEMA': '/', '_classification': 'SCHEMA', '_severity': 'INFORMATION'}> for query: 'CREATE CONSTRAINT answer_id  IF NOT EXISTS FOR (n:Answer)  REQUIRE n.id IS UNIQUE'
[2026-03-13T20:38:06.541+0000] {result.py:343} INFO - Received notification from DBMS server: <GqlStatusObject gql_status='03N42', status_description='`RANGE INDEX problem_status FOR (e:Problem) ON (e.status)` already exists.', position=None, raw_classification='SCHEMA', classification=<NotificationClassification.SCHEMA: 'SCHEMA'>, raw_severity='INFORMATION', severity=<NotificationSeverity.INFORMATION: 'INFORMATION'>, diagnostic_record={'OPERATION': '', 'OPERATION_CODE': '0', 'CURRENT_SCHEMA': '/', '_classification': 'SCHEMA', '_severity': 'INFORMATION'}> for query: 'CREATE INDEX problem_status IF NOT EXISTS FOR (p:Problem) ON (p.status)'
[2026-03-13T20:38:06.546+0000] {result.py:343} INFO - Received notification from DBMS server: <GqlStatusObject gql_status='03N42', status_description='`RANGE INDEX problem_intent FOR (e:Problem) ON (e.intent)` already exists.', position=None, raw_classification='SCHEMA', classification=<NotificationClassification.SCHEMA: 'SCHEMA'>, raw_severity='INFORMATION', severity=<NotificationSeverity.INFORMATION: 'INFORMATION'>, diagnostic_record={'OPERATION': '', 'OPERATION_CODE': '0', 'CURRENT_SCHEMA': '/', '_classification': 'SCHEMA', '_severity': 'INFORMATION'}> for query: 'CREATE INDEX problem_intent IF NOT EXISTS FOR (p:Problem) ON (p.intent)'
[2026-03-13T20:38:06.558+0000] {result.py:343} INFO - Received notification from DBMS server: <GqlStatusObject gql_status='03N42', status_description='`FULLTEXT INDEX problem_text FOR (e:Problem) ON EACH [e.title, e.keywords]` already exists.', position=None, raw_classification='SCHEMA', classification=<NotificationClassification.SCHEMA: 'SCHEMA'>, raw_severity='INFORMATION', severity=<NotificationSeverity.INFORMATION: 'INFORMATION'>, diagnostic_record={'OPERATION': '', 'OPERATION_CODE': '0', 'CURRENT_SCHEMA': '/', '_classification': 'SCHEMA', '_severity': 'INFORMATION'}> for query: 'CREATE FULLTEXT INDEX problem_text IF NOT EXISTS FOR (p:Problem) ON EACH [p.title, p.keywords]'
[2026-03-13T20:38:06.564+0000] {result.py:343} INFO - Received notification from DBMS server: <GqlStatusObject gql_status='03N42', status_description='`FULLTEXT INDEX answer_text FOR (e:Answer) ON EACH [e.summary, e.content]` already exists.', position=None, raw_classification='SCHEMA', classification=<NotificationClassification.SCHEMA: 'SCHEMA'>, raw_severity='INFORMATION', severity=<NotificationSeverity.INFORMATION: 'INFORMATION'>, diagnostic_record={'OPERATION': '', 'OPERATION_CODE': '0', 'CURRENT_SCHEMA': '/', '_classification': 'SCHEMA', '_severity': 'INFORMATION'}> for query: 'CREATE FULLTEXT INDEX answer_text  IF NOT EXISTS FOR (a:Answer)  ON EACH [a.summary, a.content]'
[2026-03-13T20:38:06.565+0000] {neo4j_loader.py:84} INFO - Schema ready
[2026-03-13T20:38:08.544+0000] {neo4j_loader.py:109} INFO - Load complete: {'groups': 23, 'topics': 23, 'problems': 71, 'answers': 898, 'rel_has_topic': 23, 'rel_has_problem': 80, 'rel_has_answer': 934}
[2026-03-13T20:38:08.566+0000] {vnpt_pipeline_dag.py:140} INFO - Neo4j loaded: {'groups': 23, 'topics': 23, 'problems': 71, 'answers': 898, 'rel_has_topic': 23, 'rel_has_problem': 80, 'rel_has_answer': 934}
[2026-03-13T20:38:08.567+0000] {python.py:237} INFO - Done. Returned value was: None
[2026-03-13T20:38:08.568+0000] {taskinstance.py:441} INFO - ::group::Post task execution logs
[2026-03-13T20:38:08.582+0000] {taskinstance.py:1206} INFO - Marking task as SUCCESS. dag_id=vnpt_money_data_pipeline, task_id=load_neo4j, run_id=scheduled__2026-03-02T02:00:00+00:00, execution_date=20260302T020000, start_date=20260313T203804, end_date=20260313T203808
[2026-03-13T20:38:08.616+0000] {local_task_job_runner.py:240} INFO - Task exited with return code 0
[2026-03-13T20:38:08.646+0000] {taskinstance.py:3503} INFO - 1 downstream tasks scheduled from follow-on schedule check
[2026-03-13T20:38:08.648+0000] {local_task_job_runner.py:222} INFO - ::endgroup::
