[2026-03-13T20:48:20.137+0000] {local_task_job_runner.py:120} INFO - ::group::Pre task execution logs
[2026-03-13T20:48:20.162+0000] {taskinstance.py:2076} INFO - Dependencies all met for dep_context=non-requeueable deps ti=<TaskInstance: vnpt_money_data_pipeline.crawl manual__2026-03-13T20:37:12+00:00 [queued]>
[2026-03-13T20:48:20.170+0000] {taskinstance.py:2076} INFO - Dependencies all met for dep_context=requeueable deps ti=<TaskInstance: vnpt_money_data_pipeline.crawl manual__2026-03-13T20:37:12+00:00 [queued]>
[2026-03-13T20:48:20.171+0000] {taskinstance.py:2306} INFO - Starting attempt 1 of 3
[2026-03-13T20:48:20.185+0000] {taskinstance.py:2330} INFO - Executing <Task(PythonOperator): crawl> on 2026-03-13 20:37:12+00:00
[2026-03-13T20:48:20.189+0000] {standard_task_runner.py:63} INFO - Started process 75 to run task
[2026-03-13T20:48:20.192+0000] {standard_task_runner.py:90} INFO - Running: ['***', 'tasks', 'run', 'vnpt_money_data_pipeline', 'crawl', 'manual__2026-03-13T20:37:12+00:00', '--job-id', '12', '--raw', '--subdir', 'DAGS_FOLDER/vnpt_pipeline_dag.py', '--cfg-path', '/tmp/tmpfddtanvu']
[2026-03-13T20:48:20.193+0000] {standard_task_runner.py:91} INFO - Job 12: Subtask crawl
[2026-03-13T20:48:20.265+0000] {task_command.py:426} INFO - Running <TaskInstance: vnpt_money_data_pipeline.crawl manual__2026-03-13T20:37:12+00:00 [running]> on host 7f5837b08817
[2026-03-13T20:48:20.382+0000] {taskinstance.py:2648} INFO - Exporting env vars: AIRFLOW_CTX_DAG_OWNER='data-engineering' AIRFLOW_CTX_DAG_ID='vnpt_money_data_pipeline' AIRFLOW_CTX_TASK_ID='crawl' AIRFLOW_CTX_EXECUTION_DATE='2026-03-13T20:37:12+00:00' AIRFLOW_CTX_TRY_NUMBER='1' AIRFLOW_CTX_DAG_RUN_ID='manual__2026-03-13T20:37:12+00:00'
[2026-03-13T20:48:20.384+0000] {taskinstance.py:430} INFO - ::endgroup::
[2026-03-13T20:48:20.730+0000] {vnpt_scraper.py:173} INFO - Starting crawl: https://vnptpay.vn/web/trogiup
[2026-03-13T20:48:20.939+0000] {vnpt_scraper.py:221} INFO - requests: HTTP 200 (345.8 KB)
[2026-03-13T20:48:21.457+0000] {vnpt_scraper.py:191} INFO - Crawl complete – 24 groups, 23 topics, 80 problems, 80 answers
[2026-03-13T20:48:21.462+0000] {minio_client.py:80} INFO - MinIO connected – bucket: vnpt-datalake
[2026-03-13T20:48:21.480+0000] {minio_client.py:153} INFO - Uploaded s3://vnpt-datalake/raw/2026/03/13/20/run_20260313_204819_a82050/page.html (436856 bytes)
[2026-03-13T20:48:21.511+0000] {minio_client.py:153} INFO - Uploaded s3://vnpt-datalake/raw/2026/03/13/20/run_20260313_204819_a82050/raw_data.json (1584985 bytes)
[2026-03-13T20:48:21.529+0000] {vnpt_pipeline_dag.py:81} INFO - Raw saved: raw/2026/03/13/20/run_20260313_204819_a82050/raw_data.json
[2026-03-13T20:48:21.545+0000] {python.py:237} INFO - Done. Returned value was: None
[2026-03-13T20:48:21.546+0000] {taskinstance.py:441} INFO - ::group::Post task execution logs
[2026-03-13T20:48:21.560+0000] {taskinstance.py:1206} INFO - Marking task as SUCCESS. dag_id=vnpt_money_data_pipeline, task_id=crawl, run_id=manual__2026-03-13T20:37:12+00:00, execution_date=20260313T203712, start_date=20260313T204820, end_date=20260313T204821
[2026-03-13T20:48:21.607+0000] {local_task_job_runner.py:240} INFO - Task exited with return code 0
[2026-03-13T20:48:21.634+0000] {taskinstance.py:3503} INFO - 1 downstream tasks scheduled from follow-on schedule check
[2026-03-13T20:48:21.636+0000] {local_task_job_runner.py:222} INFO - ::endgroup::
