[2026-03-13T20:58:33.434+0000] {local_task_job_runner.py:120} INFO - ::group::Pre task execution logs
[2026-03-13T20:58:33.458+0000] {taskinstance.py:2076} INFO - Dependencies all met for dep_context=non-requeueable deps ti=<TaskInstance: vnpt_money_data_pipeline.notify manual__2026-03-13T20:37:12+00:00 [queued]>
[2026-03-13T20:58:33.464+0000] {taskinstance.py:2076} INFO - Dependencies all met for dep_context=requeueable deps ti=<TaskInstance: vnpt_money_data_pipeline.notify manual__2026-03-13T20:37:12+00:00 [queued]>
[2026-03-13T20:58:33.465+0000] {taskinstance.py:2306} INFO - Starting attempt 1 of 3
[2026-03-13T20:58:33.477+0000] {taskinstance.py:2330} INFO - Executing <Task(PythonOperator): notify> on 2026-03-13 20:37:12+00:00
[2026-03-13T20:58:33.481+0000] {standard_task_runner.py:63} INFO - Started process 91 to run task
[2026-03-13T20:58:33.484+0000] {standard_task_runner.py:90} INFO - Running: ['***', 'tasks', 'run', 'vnpt_money_data_pipeline', 'notify', 'manual__2026-03-13T20:37:12+00:00', '--job-id', '18', '--raw', '--subdir', 'DAGS_FOLDER/vnpt_pipeline_dag.py', '--cfg-path', '/tmp/tmp4d0hxi7d']
[2026-03-13T20:58:33.485+0000] {standard_task_runner.py:91} INFO - Job 18: Subtask notify
[2026-03-13T20:58:33.552+0000] {task_command.py:426} INFO - Running <TaskInstance: vnpt_money_data_pipeline.notify manual__2026-03-13T20:37:12+00:00 [running]> on host 7f5837b08817
[2026-03-13T20:58:33.661+0000] {taskinstance.py:2648} INFO - Exporting env vars: AIRFLOW_CTX_DAG_OWNER='data-engineering' AIRFLOW_CTX_DAG_ID='vnpt_money_data_pipeline' AIRFLOW_CTX_TASK_ID='notify' AIRFLOW_CTX_EXECUTION_DATE='2026-03-13T20:37:12+00:00' AIRFLOW_CTX_TRY_NUMBER='1' AIRFLOW_CTX_DAG_RUN_ID='manual__2026-03-13T20:37:12+00:00'
[2026-03-13T20:58:33.662+0000] {taskinstance.py:430} INFO - ::endgroup::
[2026-03-13T20:58:33.740+0000] {vnpt_pipeline_dag.py:181} INFO - Pipeline complete:
{
  "run_id": "run_20260313_204819_a82050",
  "crawl_counts": {
    "groups": 24,
    "topics": 23,
    "problems": 80,
    "answers": 80
  },
  "clean_stats": {
    "groups": 23,
    "topics": 23,
    "problems": 71,
    "answers": 898,
    "rels_has_topic": 23,
    "rels_has_problem": 80,
    "rels_has_answer": 934
  },
  "neo4j_counts": {
    "groups": 23,
    "topics": 23,
    "problems": 71,
    "answers": 898,
    "rel_has_topic": 23,
    "rel_has_problem": 80,
    "rel_has_answer": 934
  },
  "backup": null,
  "dag_run": "<DagRun vnpt_money_data_pipeline @ 2026-03-13 20:37:12+00:00: manual__2026-03-13T20:37:12+00:00, state:running, queued_at: 2026-03-13 20:37:55.213334+00:00. externally triggered: True>"
}
[2026-03-13T20:58:33.741+0000] {python.py:237} INFO - Done. Returned value was: None
[2026-03-13T20:58:33.741+0000] {taskinstance.py:441} INFO - ::group::Post task execution logs
[2026-03-13T20:58:33.753+0000] {taskinstance.py:1206} INFO - Marking task as SUCCESS. dag_id=vnpt_money_data_pipeline, task_id=notify, run_id=manual__2026-03-13T20:37:12+00:00, execution_date=20260313T203712, start_date=20260313T205833, end_date=20260313T205833
[2026-03-13T20:58:33.777+0000] {local_task_job_runner.py:240} INFO - Task exited with return code 0
[2026-03-13T20:58:33.797+0000] {taskinstance.py:3503} INFO - 0 downstream tasks scheduled from follow-on schedule check
[2026-03-13T20:58:33.799+0000] {local_task_job_runner.py:222} INFO - ::endgroup::
