[2026-03-13T23:48:44.868+0000] {local_task_job_runner.py:120} INFO - ::group::Pre task execution logs
[2026-03-13T23:48:44.900+0000] {taskinstance.py:2076} INFO - Dependencies all met for dep_context=non-requeueable deps ti=<TaskInstance: vnpt_money_data_pipeline.clean_and_save manual__2026-03-13T23:48:36+00:00 [queued]>
[2026-03-13T23:48:44.907+0000] {taskinstance.py:2076} INFO - Dependencies all met for dep_context=requeueable deps ti=<TaskInstance: vnpt_money_data_pipeline.clean_and_save manual__2026-03-13T23:48:36+00:00 [queued]>
[2026-03-13T23:48:44.908+0000] {taskinstance.py:2306} INFO - Starting attempt 1 of 3
[2026-03-13T23:48:44.920+0000] {taskinstance.py:2330} INFO - Executing <Task(PythonOperator): clean_and_save> on 2026-03-13 23:48:36+00:00
[2026-03-13T23:48:44.924+0000] {standard_task_runner.py:63} INFO - Started process 97 to run task
[2026-03-13T23:48:44.926+0000] {standard_task_runner.py:90} INFO - Running: ['***', 'tasks', 'run', 'vnpt_money_data_pipeline', 'clean_and_save', 'manual__2026-03-13T23:48:36+00:00', '--job-id', '21', '--raw', '--subdir', 'DAGS_FOLDER/vnpt_pipeline_dag.py', '--cfg-path', '/tmp/tmpcxsxju7x']
[2026-03-13T23:48:44.928+0000] {standard_task_runner.py:91} INFO - Job 21: Subtask clean_and_save
[2026-03-13T23:48:44.991+0000] {task_command.py:426} INFO - Running <TaskInstance: vnpt_money_data_pipeline.clean_and_save manual__2026-03-13T23:48:36+00:00 [running]> on host 7f5837b08817
[2026-03-13T23:48:45.100+0000] {taskinstance.py:2648} INFO - Exporting env vars: AIRFLOW_CTX_DAG_OWNER='data-engineering' AIRFLOW_CTX_DAG_ID='vnpt_money_data_pipeline' AIRFLOW_CTX_TASK_ID='clean_and_save' AIRFLOW_CTX_EXECUTION_DATE='2026-03-13T23:48:36+00:00' AIRFLOW_CTX_TRY_NUMBER='1' AIRFLOW_CTX_DAG_RUN_ID='manual__2026-03-13T23:48:36+00:00'
[2026-03-13T23:48:45.101+0000] {taskinstance.py:430} INFO - ::endgroup::
[2026-03-13T23:48:45.283+0000] {minio_client.py:80} INFO - MinIO connected – bucket: vnpt-datalake
[2026-03-13T23:48:45.424+0000] {data_cleaner.py:107} INFO - Cleaning complete: {'groups': 23, 'topics': 23, 'problems': 71, 'answers': 898, 'rels_has_topic': 23, 'rels_has_problem': 80, 'rels_has_answer': 934}
[2026-03-13T23:48:45.492+0000] {minio_client.py:153} INFO - Uploaded s3://vnpt-datalake/clean/2026/03/13/23/run_20260313_234840_b6c403/cleaned_data.json (2434340 bytes)
[2026-03-13T23:48:45.508+0000] {vnpt_pipeline_dag.py:117} INFO - Clean saved: clean/2026/03/13/23/run_20260313_234840_b6c403/cleaned_data.json
[2026-03-13T23:48:45.509+0000] {python.py:237} INFO - Done. Returned value was: None
[2026-03-13T23:48:45.509+0000] {taskinstance.py:441} INFO - ::group::Post task execution logs
[2026-03-13T23:48:45.522+0000] {taskinstance.py:1206} INFO - Marking task as SUCCESS. dag_id=vnpt_money_data_pipeline, task_id=clean_and_save, run_id=manual__2026-03-13T23:48:36+00:00, execution_date=20260313T234836, start_date=20260313T234844, end_date=20260313T234845
[2026-03-13T23:48:45.540+0000] {local_task_job_runner.py:240} INFO - Task exited with return code 0
[2026-03-13T23:48:45.570+0000] {taskinstance.py:3503} INFO - 1 downstream tasks scheduled from follow-on schedule check
[2026-03-13T23:48:45.572+0000] {local_task_job_runner.py:222} INFO - ::endgroup::
