[2026-03-13T23:58:54.111+0000] {local_task_job_runner.py:120} INFO - ::group::Pre task execution logs
[2026-03-13T23:58:54.139+0000] {taskinstance.py:2076} INFO - Dependencies all met for dep_context=non-requeueable deps ti=<TaskInstance: vnpt_money_data_pipeline.notify manual__2026-03-13T23:48:36+00:00 [queued]>
[2026-03-13T23:58:54.147+0000] {taskinstance.py:2076} INFO - Dependencies all met for dep_context=requeueable deps ti=<TaskInstance: vnpt_money_data_pipeline.notify manual__2026-03-13T23:48:36+00:00 [queued]>
[2026-03-13T23:58:54.147+0000] {taskinstance.py:2306} INFO - Starting attempt 1 of 3
[2026-03-13T23:58:54.161+0000] {taskinstance.py:2330} INFO - Executing <Task(PythonOperator): notify> on 2026-03-13 23:48:36+00:00
[2026-03-13T23:58:54.165+0000] {standard_task_runner.py:63} INFO - Started process 111 to run task
[2026-03-13T23:58:54.168+0000] {standard_task_runner.py:90} INFO - Running: ['***', 'tasks', 'run', 'vnpt_money_data_pipeline', 'notify', 'manual__2026-03-13T23:48:36+00:00', '--job-id', '26', '--raw', '--subdir', 'DAGS_FOLDER/vnpt_pipeline_dag.py', '--cfg-path', '/tmp/tmph2butft3']
[2026-03-13T23:58:54.169+0000] {standard_task_runner.py:91} INFO - Job 26: Subtask notify
[2026-03-13T23:58:54.239+0000] {task_command.py:426} INFO - Running <TaskInstance: vnpt_money_data_pipeline.notify manual__2026-03-13T23:48:36+00:00 [running]> on host 7f5837b08817
[2026-03-13T23:58:54.350+0000] {taskinstance.py:2648} INFO - Exporting env vars: AIRFLOW_CTX_DAG_OWNER='data-engineering' AIRFLOW_CTX_DAG_ID='vnpt_money_data_pipeline' AIRFLOW_CTX_TASK_ID='notify' AIRFLOW_CTX_EXECUTION_DATE='2026-03-13T23:48:36+00:00' AIRFLOW_CTX_TRY_NUMBER='1' AIRFLOW_CTX_DAG_RUN_ID='manual__2026-03-13T23:48:36+00:00'
[2026-03-13T23:58:54.352+0000] {taskinstance.py:430} INFO - ::endgroup::
[2026-03-13T23:58:54.435+0000] {vnpt_pipeline_dag.py:181} INFO - Pipeline complete:
{
  "run_id": "run_20260313_234840_b6c403",
  "crawl_counts": {
    "groups": 24,
    "topics": 23,
    "problems": 80,
    "answers": 80
  },
  "clean_stats": {
    "groups": 23,
    "topics": 23,
    "problems": 71,
    "answers": 898,
    "rels_has_topic": 23,
    "rels_has_problem": 80,
    "rels_has_answer": 934
  },
  "neo4j_counts": {
    "groups": 23,
    "topics": 23,
    "problems": 71,
    "answers": 898,
    "rel_has_topic": 23,
    "rel_has_problem": 80,
    "rel_has_answer": 934
  },
  "backup": null,
  "dag_run": "<DagRun vnpt_money_data_pipeline @ 2026-03-13 23:48:36+00:00: manual__2026-03-13T23:48:36+00:00, state:running, queued_at: 2026-03-13 23:48:39.348284+00:00. externally triggered: True>"
}
[2026-03-13T23:58:54.435+0000] {python.py:237} INFO - Done. Returned value was: None
[2026-03-13T23:58:54.436+0000] {taskinstance.py:441} INFO - ::group::Post task execution logs
[2026-03-13T23:58:54.449+0000] {taskinstance.py:1206} INFO - Marking task as SUCCESS. dag_id=vnpt_money_data_pipeline, task_id=notify, run_id=manual__2026-03-13T23:48:36+00:00, execution_date=20260313T234836, start_date=20260313T235854, end_date=20260313T235854
[2026-03-13T23:58:54.500+0000] {local_task_job_runner.py:240} INFO - Task exited with return code 0
[2026-03-13T23:58:54.521+0000] {taskinstance.py:3503} INFO - 0 downstream tasks scheduled from follow-on schedule check
[2026-03-13T23:58:54.523+0000] {local_task_job_runner.py:222} INFO - ::endgroup::
